Using pre-set license
Built from '2021.3/staging' branch; Version is '2021.3.22f1 (b6c551784ba3) revision 11978065'; Using compiler version '192829333'; Build Type 'Release'
OS: 'Windows 11  (10.0.22621) 64bit Professional' Language: 'en' Physical Memory: 16163 MB
BatchMode: 1, IsHumanControllingUs: 0, StartBugReporterOnCrash: 0, Is64bit: 1, IsPro: 1

COMMAND LINE ARGUMENTS:
C:\Program Files\Unity\Hub\Editor\2021.3.22f1\Editor\Unity.exe
-adb2
-batchMode
-noUpm
-name
AssetImportWorker2
-projectPath
C:/Users/Said/Documents/GameDev/Projects/Jams/GameDay/The-Banking-Day/TheBankingDay-Game
-logFile
Logs/AssetImportWorker2.log
-srvPort
55984
Successfully changed project path to: C:/Users/Said/Documents/GameDev/Projects/Jams/GameDay/The-Banking-Day/TheBankingDay-Game
C:/Users/Said/Documents/GameDev/Projects/Jams/GameDay/The-Banking-Day/TheBankingDay-Game
[UnityMemory] Configuration Parameters - Can be set up in boot.config
    "memorysetup-bucket-allocator-granularity=16"
    "memorysetup-bucket-allocator-bucket-count=8"
    "memorysetup-bucket-allocator-block-size=33554432"
    "memorysetup-bucket-allocator-block-count=8"
    "memorysetup-main-allocator-block-size=16777216"
    "memorysetup-thread-allocator-block-size=16777216"
    "memorysetup-gfx-main-allocator-block-size=16777216"
    "memorysetup-gfx-thread-allocator-block-size=16777216"
    "memorysetup-cache-allocator-block-size=4194304"
    "memorysetup-typetree-allocator-block-size=2097152"
    "memorysetup-profiler-bucket-allocator-granularity=16"
    "memorysetup-profiler-bucket-allocator-bucket-count=8"
    "memorysetup-profiler-bucket-allocator-block-size=33554432"
    "memorysetup-profiler-bucket-allocator-block-count=8"
    "memorysetup-profiler-allocator-block-size=16777216"
    "memorysetup-profiler-editor-allocator-block-size=1048576"
    "memorysetup-temp-allocator-size-main=16777216"
    "memorysetup-job-temp-allocator-block-size=2097152"
    "memorysetup-job-temp-allocator-block-size-background=1048576"
    "memorysetup-job-temp-allocator-reduction-small-platforms=262144"
    "memorysetup-temp-allocator-size-background-worker=32768"
    "memorysetup-temp-allocator-size-job-worker=262144"
    "memorysetup-temp-allocator-size-preload-manager=33554432"
    "memorysetup-temp-allocator-size-nav-mesh-worker=65536"
    "memorysetup-temp-allocator-size-audio-worker=65536"
    "memorysetup-temp-allocator-size-cloud-worker=32768"
    "memorysetup-temp-allocator-size-gi-baking-worker=262144"
    "memorysetup-temp-allocator-size-gfx=262144"
Player connection [22752] Host "[IP] 192.168.0.17 [Port] 0 [Flags] 2 [Guid] 424933159 [EditorId] 424933159 [Version] 1048832 [Id] WindowsEditor(7,DESKTOP-7IOHBOK) [Debug] 1 [PackageName] WindowsEditor [ProjectName] Editor" joined multi-casting on [225.0.0.222:54997]...

Player connection [22752] Host "[IP] 192.168.0.17 [Port] 0 [Flags] 2 [Guid] 424933159 [EditorId] 424933159 [Version] 1048832 [Id] WindowsEditor(7,DESKTOP-7IOHBOK) [Debug] 1 [PackageName] WindowsEditor [ProjectName] Editor" joined alternative multi-casting on [225.0.0.222:34997]...

Refreshing native plugins compatible for Editor in 65.86 ms, found 3 plugins.
Preloading 0 native plugins for Editor in 0.00 ms.
Initialize engine version: 2021.3.22f1 (b6c551784ba3)
[Subsystems] Discovering subsystems at path C:/Program Files/Unity/Hub/Editor/2021.3.22f1/Editor/Data/Resources/UnitySubsystems
[Subsystems] Discovering subsystems at path C:/Users/Said/Documents/GameDev/Projects/Jams/GameDay/The-Banking-Day/TheBankingDay-Game/Assets
GfxDevice: creating device client; threaded=0; jobified=0
Direct3D:
    Version:  Direct3D 11.0 [level 11.1]
    Renderer: NVIDIA GeForce RTX 3060 Laptop GPU (ID=0x2520)
    Vendor:   NVIDIA
    VRAM:     6023 MB
    Driver:   31.0.15.1740
Initialize mono
Mono path[0] = 'C:/Program Files/Unity/Hub/Editor/2021.3.22f1/Editor/Data/Managed'
Mono path[1] = 'C:/Program Files/Unity/Hub/Editor/2021.3.22f1/Editor/Data/MonoBleedingEdge/lib/mono/unityjit-win32'
Mono config path = 'C:/Program Files/Unity/Hub/Editor/2021.3.22f1/Editor/Data/MonoBleedingEdge/etc'
Using monoOptions --debugger-agent=transport=dt_socket,embedding=1,server=y,suspend=n,address=127.0.0.1:56852
Begin MonoManager ReloadAssembly
Registering precompiled unity dll's ...
Register platform support module: C:/Program Files/Unity/Hub/Editor/2021.3.22f1/Editor/Data/PlaybackEngines/AndroidPlayer/UnityEditor.Android.Extensions.dll
Register platform support module: C:/Program Files/Unity/Hub/Editor/2021.3.22f1/Editor/Data/PlaybackEngines/WindowsStandaloneSupport/UnityEditor.WindowsStandalone.Extensions.dll
Registered in 0.005141 seconds.
Native extension for WindowsStandalone target not found
Native extension for Android target not found
Android Extension - Scanning For ADB Devices 275 ms
Refreshing native plugins compatible for Editor in 70.59 ms, found 3 plugins.
Preloading 0 native plugins for Editor in 0.00 ms.
Mono: successfully reloaded assembly
- Completed reload, in  0.912 seconds
Domain Reload Profiling:
	ReloadAssembly (913ms)
		BeginReloadAssembly (84ms)
			ExecutionOrderSort (0ms)
			DisableScriptedObjects (0ms)
			BackupInstance (0ms)
			ReleaseScriptingObjects (0ms)
			CreateAndSetChildDomain (1ms)
		EndReloadAssembly (717ms)
			LoadAssemblies (82ms)
			RebuildTransferFunctionScriptingTraits (0ms)
			SetupTypeCache (103ms)
			ReleaseScriptCaches (0ms)
			RebuildScriptCaches (31ms)
			SetupLoadedEditorAssemblies (530ms)
				LogAssemblyErrors (0ms)
				InitializePlatformSupportModulesInManaged (334ms)
				SetLoadedEditorAssemblies (0ms)
				RefreshPlugins (71ms)
				BeforeProcessingInitializeOnLoad (1ms)
				ProcessInitializeOnLoadAttributes (87ms)
				ProcessInitializeOnLoadMethodAttributes (36ms)
				AfterProcessingInitializeOnLoad (0ms)
				EditorAssembliesLoaded (0ms)
			ExecutionOrderSort2 (0ms)
			AwakeInstancesAfterBackupRestoration (0ms)
Platform modules already initialized, skipping
Registering precompiled user dll's ...
Registered in 0.004387 seconds.
Begin MonoManager ReloadAssembly
Symbol file LoadedFromMemory doesn't match image C:\Users\Said\Documents\GameDev\Projects\Jams\GameDay\The-Banking-Day\TheBankingDay-Game\Library\PackageCache\com.unity.visualscripting@1.8.0\Editor\VisualScripting.Core\Dependencies\YamlDotNet\Unity.VisualScripting.YamlDotNet.dll
Symbol file LoadedFromMemory doesn't match image C:\Users\Said\Documents\GameDev\Projects\Jams\GameDay\The-Banking-Day\TheBankingDay-Game\Library\PackageCache\com.unity.visualscripting@1.8.0\Editor\VisualScripting.Core\Dependencies\DotNetZip\Unity.VisualScripting.IonicZip.dll
Native extension for WindowsStandalone target not found
Native extension for Android target not found
Refreshing native plugins compatible for Editor in 0.49 ms, found 3 plugins.
Preloading 0 native plugins for Editor in 0.00 ms.
Mono: successfully reloaded assembly
- Completed reload, in  0.910 seconds
Domain Reload Profiling:
	ReloadAssembly (911ms)
		BeginReloadAssembly (130ms)
			ExecutionOrderSort (0ms)
			DisableScriptedObjects (6ms)
			BackupInstance (0ms)
			ReleaseScriptingObjects (0ms)
			CreateAndSetChildDomain (25ms)
		EndReloadAssembly (669ms)
			LoadAssemblies (96ms)
			RebuildTransferFunctionScriptingTraits (0ms)
			SetupTypeCache (224ms)
			ReleaseScriptCaches (1ms)
			RebuildScriptCaches (45ms)
			SetupLoadedEditorAssemblies (288ms)
				LogAssemblyErrors (0ms)
				InitializePlatformSupportModulesInManaged (14ms)
				SetLoadedEditorAssemblies (0ms)
				RefreshPlugins (1ms)
				BeforeProcessingInitializeOnLoad (69ms)
				ProcessInitializeOnLoadAttributes (184ms)
				ProcessInitializeOnLoadMethodAttributes (16ms)
				AfterProcessingInitializeOnLoad (4ms)
				EditorAssembliesLoaded (0ms)
			ExecutionOrderSort2 (0ms)
			AwakeInstancesAfterBackupRestoration (4ms)
Platform modules already initialized, skipping
========================================================================
Worker process is ready to serve import requests
Launched and connected shader compiler UnityShaderCompiler.exe after 0.04 seconds
Refreshing native plugins compatible for Editor in 0.86 ms, found 3 plugins.
Preloading 0 native plugins for Editor in 0.00 ms.
Unloading 3064 Unused Serialized files (Serialized files now loaded: 0)
Unloading 22 unused Assets / (56.6 KB). Loaded Objects now: 3553.
Memory consumption went from 124.6 MB to 124.5 MB.
Total: 5.750700 ms (FindLiveObjects: 0.445300 ms CreateObjectMapping: 0.274500 ms MarkObjects: 4.879800 ms  DeleteObjects: 0.148900 ms)

AssetImportParameters requested are different than current active one (requested -> active):
  custom:video-decoder-ogg-theora: a1e56fd34408186e4bbccfd4996cb3dc -> 
  custom:container-muxer-webm: aa71ff27fc2769a1b78a27578f13a17b -> 
  custom:container-demuxer-webm: 4f35f7cbe854078d1ac9338744f61a02 -> 
  custom:video-encoder-webm-vp8: eb34c28f22e8b96e1ab97ce403110664 -> 
  custom:audio-encoder-webm-vorbis: bf7c407c2cedff20999df2af8eb42d56 -> 
  custom:framework-win-MediaFoundation: 216162199b28c13a410421893ffa2e32 -> 
  custom:container-demuxer-ogg: 62fdf1f143b41e24485cea50d1cbac27 -> 
  custom:video-decoder-webm-vp8: 9c59270c3fd7afecdb556c50c9e8de78 -> 
  custom:audio-decoder-ogg-vorbis: bf7c407c2cedff20999df2af8eb42d56 -> 
========================================================================
Received Import Request.
  Time since last request: 91858.793590 seconds.
  path: Assets/Third Party/Hand Painted Seamless ClayGround Texture/Materials
  artifactKey: Guid(18fd63fa13798c341b89c1c56cd1c057) Importer(815301076,1909f56bfc062723c751e8b465ee728b)
Start importing Assets/Third Party/Hand Painted Seamless ClayGround Texture/Materials using Guid(18fd63fa13798c341b89c1c56cd1c057) Importer(815301076,1909f56bfc062723c751e8b465ee728b)  -> (artifact id: '4a361e8268201fb9679778a6bbb8dec4') in 0.010085 seconds 
========================================================================
Received Import Request.
  Time since last request: 0.123609 seconds.
  path: Assets/Third Party/Hand Painted Seamless ClayGround Texture/Materials/Albedo_ClayGround.mat
  artifactKey: Guid(74b315b7ed2f154498e55ea270bab19f) Importer(815301076,1909f56bfc062723c751e8b465ee728b)
Start importing Assets/Third Party/Hand Painted Seamless ClayGround Texture/Materials/Albedo_ClayGround.mat using Guid(74b315b7ed2f154498e55ea270bab19f) Importer(815301076,1909f56bfc062723c751e8b465ee728b)  -> (artifact id: '6e978d23dc3e09edb59a94fba678f4a2') in 0.139347 seconds 
========================================================================
Received Import Request.
  Time since last request: 45.714111 seconds.
  path: Assets/Third Party/Hand Painted Seamless ClayGround Texture/Textures/Albedo_ClayGround_WithStones.tga
  artifactKey: Guid(8e40ca17368b4bb40bbe1964844b2c2f) Importer(815301076,1909f56bfc062723c751e8b465ee728b)
Start importing Assets/Third Party/Hand Painted Seamless ClayGround Texture/Textures/Albedo_ClayGround_WithStones.tga using Guid(8e40ca17368b4bb40bbe1964844b2c2f) Importer(815301076,1909f56bfc062723c751e8b465ee728b)  -> (artifact id: '2b3881476da83d759ad5e76036bf16f9') in 0.025578 seconds 
========================================================================
Received Import Request.
  Time since last request: 0.525739 seconds.
  path: Assets/Third Party/Hand Painted Seamless ClayGround Texture/Textures/Albedo_ClayGround.tga
  artifactKey: Guid(81c223dc0d499ce4fb0302dff08a6613) Importer(815301076,1909f56bfc062723c751e8b465ee728b)
Start importing Assets/Third Party/Hand Painted Seamless ClayGround Texture/Textures/Albedo_ClayGround.tga using Guid(81c223dc0d499ce4fb0302dff08a6613) Importer(815301076,1909f56bfc062723c751e8b465ee728b)  -> (artifact id: 'd4bae51a1b1f5f6612962960f29bc044') in 0.014190 seconds 
========================================================================
Received Import Request.
  Time since last request: 135.636681 seconds.
  path: Assets/Third Party/TextMesh Pro/Fonts/ArthoPersonalUse-VGDRl SDF.asset
  artifactKey: Guid(0fd2d4846a880f04fb30d104f77b8fcd) Importer(815301076,1909f56bfc062723c751e8b465ee728b)
Start importing Assets/Third Party/TextMesh Pro/Fonts/ArthoPersonalUse-VGDRl SDF.asset using Guid(0fd2d4846a880f04fb30d104f77b8fcd) Importer(815301076,1909f56bfc062723c751e8b465ee728b)  -> (artifact id: '5d753f418385fbd0f7cfa1c69739027b') in 0.062649 seconds 
========================================================================
Received Import Request.
  Time since last request: 0.000030 seconds.
  path: Packages/com.unity.textmeshpro/Editor Resources/Textures/btn_AlignBaseLine.psd
  artifactKey: Guid(8bc445bb79654bf496c92d0407840a92) Importer(815301076,1909f56bfc062723c751e8b465ee728b)
Start importing Packages/com.unity.textmeshpro/Editor Resources/Textures/btn_AlignBaseLine.psd using Guid(8bc445bb79654bf496c92d0407840a92) Importer(815301076,1909f56bfc062723c751e8b465ee728b)  -> (artifact id: '1b74cd1402921834c3d776c108d6ed68') in 0.015289 seconds 
========================================================================
Received Import Request.
  Time since last request: 1.933682 seconds.
  path: Assets/Third Party/Hand Painted Seamless ClayGround Texture/Materials/NewBrush.brush
  artifactKey: Guid(b1e9c440facad714fb7f4a8cf77ade5f) Importer(815301076,1909f56bfc062723c751e8b465ee728b)
Start importing Assets/Third Party/Hand Painted Seamless ClayGround Texture/Materials/NewBrush.brush using Guid(b1e9c440facad714fb7f4a8cf77ade5f) Importer(815301076,1909f56bfc062723c751e8b465ee728b)  -> (artifact id: 'f16abb524df3ccb1311b9e8a4e2e73ac') in 0.031836 seconds 
========================================================================
Received Import Request.
  Time since last request: 6.046407 seconds.
  path: Packages/com.unity.textmeshpro/Editor Resources/Textures/btn_AlignBottom.psd
  artifactKey: Guid(ca51b19024094d1b87f3e07edb0a75fb) Importer(815301076,1909f56bfc062723c751e8b465ee728b)
Start importing Packages/com.unity.textmeshpro/Editor Resources/Textures/btn_AlignBottom.psd using Guid(ca51b19024094d1b87f3e07edb0a75fb) Importer(815301076,1909f56bfc062723c751e8b465ee728b)  -> (artifact id: '657cdab4f6c9ff9bc099d2ff9953cba0') in 0.021597 seconds 
========================================================================
Received Import Request.
  Time since last request: 1.811645 seconds.
  path: Assets/Third Party/Hand Painted Seamless ClayGround Texture/Materials/NewBrush 1.brush
  artifactKey: Guid(07a9de867e21b194485c00f9a768798e) Importer(815301076,1909f56bfc062723c751e8b465ee728b)
Start importing Assets/Third Party/Hand Painted Seamless ClayGround Texture/Materials/NewBrush 1.brush using Guid(07a9de867e21b194485c00f9a768798e) Importer(815301076,1909f56bfc062723c751e8b465ee728b)  -> (artifact id: '1ea22d69e869f217273bab3e498d9cc2') in 0.021792 seconds 
========================================================================
Received Import Request.
  Time since last request: 519.797912 seconds.
  path: Assets/Third Party/Hand Painted Seamless ClayGround Texture/Materials/M_ClayGround.mat
  artifactKey: Guid(c319023b9eace3a408e4f374e3c59e77) Importer(815301076,1909f56bfc062723c751e8b465ee728b)
Start importing Assets/Third Party/Hand Painted Seamless ClayGround Texture/Materials/M_ClayGround.mat using Guid(c319023b9eace3a408e4f374e3c59e77) Importer(815301076,1909f56bfc062723c751e8b465ee728b)  -> (artifact id: 'b786de04bd02a4105489aeb27352d431') in 0.018711 seconds 
========================================================================
Received Prepare
Registering precompiled user dll's ...
Registered in 0.003408 seconds.
Begin MonoManager ReloadAssembly
Symbol file LoadedFromMemory doesn't match image C:\Users\Said\Documents\GameDev\Projects\Jams\GameDay\The-Banking-Day\TheBankingDay-Game\Library\PackageCache\com.unity.visualscripting@1.8.0\Editor\VisualScripting.Core\Dependencies\YamlDotNet\Unity.VisualScripting.YamlDotNet.dll
Symbol file LoadedFromMemory doesn't match image C:\Users\Said\Documents\GameDev\Projects\Jams\GameDay\The-Banking-Day\TheBankingDay-Game\Library\PackageCache\com.unity.visualscripting@1.8.0\Editor\VisualScripting.Core\Dependencies\DotNetZip\Unity.VisualScripting.IonicZip.dll
Native extension for WindowsStandalone target not found
Native extension for Android target not found
Refreshing native plugins compatible for Editor in 0.48 ms, found 3 plugins.
Preloading 0 native plugins for Editor in 0.00 ms.
Mono: successfully reloaded assembly
- Completed reload, in  0.815 seconds
Domain Reload Profiling:
	ReloadAssembly (816ms)
		BeginReloadAssembly (117ms)
			ExecutionOrderSort (0ms)
			DisableScriptedObjects (5ms)
			BackupInstance (0ms)
			ReleaseScriptingObjects (0ms)
			CreateAndSetChildDomain (33ms)
		EndReloadAssembly (626ms)
			LoadAssemblies (68ms)
			RebuildTransferFunctionScriptingTraits (0ms)
			SetupTypeCache (213ms)
			ReleaseScriptCaches (1ms)
			RebuildScriptCaches (33ms)
			SetupLoadedEditorAssemblies (273ms)
				LogAssemblyErrors (0ms)
				InitializePlatformSupportModulesInManaged (14ms)
				SetLoadedEditorAssemblies (0ms)
				RefreshPlugins (1ms)
				BeforeProcessingInitializeOnLoad (49ms)
				ProcessInitializeOnLoadAttributes (183ms)
				ProcessInitializeOnLoadMethodAttributes (20ms)
				AfterProcessingInitializeOnLoad (5ms)
				EditorAssembliesLoaded (0ms)
			ExecutionOrderSort2 (0ms)
			AwakeInstancesAfterBackupRestoration (6ms)
Platform modules already initialized, skipping
Refreshing native plugins compatible for Editor in 1.50 ms, found 3 plugins.
Preloading 0 native plugins for Editor in 0.00 ms.
Unloading 3043 Unused Serialized files (Serialized files now loaded: 0)
Unloading 15 unused Assets / (24.6 KB). Loaded Objects now: 3608.
Memory consumption went from 127.5 MB to 127.5 MB.
Total: 2.269200 ms (FindLiveObjects: 0.228000 ms CreateObjectMapping: 0.082200 ms MarkObjects: 1.932200 ms  DeleteObjects: 0.025400 ms)

AssetImportParameters requested are different than current active one (requested -> active):
  custom:video-decoder-ogg-theora: a1e56fd34408186e4bbccfd4996cb3dc -> 
  custom:container-muxer-webm: aa71ff27fc2769a1b78a27578f13a17b -> 
  custom:container-demuxer-webm: 4f35f7cbe854078d1ac9338744f61a02 -> 
  custom:video-encoder-webm-vp8: eb34c28f22e8b96e1ab97ce403110664 -> 
  custom:audio-encoder-webm-vorbis: bf7c407c2cedff20999df2af8eb42d56 -> 
  custom:framework-win-MediaFoundation: 216162199b28c13a410421893ffa2e32 -> 
  custom:container-demuxer-ogg: 62fdf1f143b41e24485cea50d1cbac27 -> 
  custom:video-decoder-webm-vp8: 9c59270c3fd7afecdb556c50c9e8de78 -> 
  custom:audio-decoder-ogg-vorbis: bf7c407c2cedff20999df2af8eb42d56 -> 
========================================================================
Received Prepare
Registering precompiled user dll's ...
Registered in 0.004477 seconds.
Begin MonoManager ReloadAssembly
Symbol file LoadedFromMemory doesn't match image C:\Users\Said\Documents\GameDev\Projects\Jams\GameDay\The-Banking-Day\TheBankingDay-Game\Library\PackageCache\com.unity.visualscripting@1.8.0\Editor\VisualScripting.Core\Dependencies\YamlDotNet\Unity.VisualScripting.YamlDotNet.dll
Symbol file LoadedFromMemory doesn't match image C:\Users\Said\Documents\GameDev\Projects\Jams\GameDay\The-Banking-Day\TheBankingDay-Game\Library\PackageCache\com.unity.visualscripting@1.8.0\Editor\VisualScripting.Core\Dependencies\DotNetZip\Unity.VisualScripting.IonicZip.dll
Native extension for WindowsStandalone target not found
Native extension for Android target not found
Refreshing native plugins compatible for Editor in 0.49 ms, found 3 plugins.
Preloading 0 native plugins for Editor in 0.00 ms.
Mono: successfully reloaded assembly
- Completed reload, in  0.806 seconds
Domain Reload Profiling:
	ReloadAssembly (807ms)
		BeginReloadAssembly (117ms)
			ExecutionOrderSort (0ms)
			DisableScriptedObjects (4ms)
			BackupInstance (0ms)
			ReleaseScriptingObjects (0ms)
			CreateAndSetChildDomain (31ms)
		EndReloadAssembly (612ms)
			LoadAssemblies (70ms)
			RebuildTransferFunctionScriptingTraits (0ms)
			SetupTypeCache (219ms)
			ReleaseScriptCaches (1ms)
			RebuildScriptCaches (33ms)
			SetupLoadedEditorAssemblies (253ms)
				LogAssemblyErrors (0ms)
				InitializePlatformSupportModulesInManaged (15ms)
				SetLoadedEditorAssemblies (0ms)
				RefreshPlugins (1ms)
				BeforeProcessingInitializeOnLoad (47ms)
				ProcessInitializeOnLoadAttributes (165ms)
				ProcessInitializeOnLoadMethodAttributes (20ms)
				AfterProcessingInitializeOnLoad (5ms)
				EditorAssembliesLoaded (0ms)
			ExecutionOrderSort2 (0ms)
			AwakeInstancesAfterBackupRestoration (6ms)
Platform modules already initialized, skipping
Refreshing native plugins compatible for Editor in 2.08 ms, found 3 plugins.
Preloading 0 native plugins for Editor in 0.00 ms.
Unloading 3043 Unused Serialized files (Serialized files now loaded: 0)
Unloading 15 unused Assets / (24.5 KB). Loaded Objects now: 3611.
Memory consumption went from 127.5 MB to 127.5 MB.
Total: 2.362200 ms (FindLiveObjects: 0.224800 ms CreateObjectMapping: 0.184300 ms MarkObjects: 1.929400 ms  DeleteObjects: 0.022900 ms)

AssetImportParameters requested are different than current active one (requested -> active):
  custom:video-decoder-ogg-theora: a1e56fd34408186e4bbccfd4996cb3dc -> 
  custom:container-muxer-webm: aa71ff27fc2769a1b78a27578f13a17b -> 
  custom:container-demuxer-webm: 4f35f7cbe854078d1ac9338744f61a02 -> 
  custom:video-encoder-webm-vp8: eb34c28f22e8b96e1ab97ce403110664 -> 
  custom:audio-encoder-webm-vorbis: bf7c407c2cedff20999df2af8eb42d56 -> 
  custom:framework-win-MediaFoundation: 216162199b28c13a410421893ffa2e32 -> 
  custom:container-demuxer-ogg: 62fdf1f143b41e24485cea50d1cbac27 -> 
  custom:video-decoder-webm-vp8: 9c59270c3fd7afecdb556c50c9e8de78 -> 
  custom:audio-decoder-ogg-vorbis: bf7c407c2cedff20999df2af8eb42d56 -> 
========================================================================
Received Import Request.
  Time since last request: 401.765558 seconds.
  path: Assets/New Terrain.asset
  artifactKey: Guid(154597c3bfcccce41b4cbbabb1db6860) Importer(815301076,1909f56bfc062723c751e8b465ee728b)
Start importing Assets/New Terrain.asset using Guid(154597c3bfcccce41b4cbbabb1db6860) Importer(815301076,1909f56bfc062723c751e8b465ee728b)  -> (artifact id: 'fe830a65a6debeee695d86f72a24fa4a') in 0.020664 seconds 
========================================================================
Received Import Request.
  Time since last request: 16.615467 seconds.
  path: Assets/Terrain.asset
  artifactKey: Guid(154597c3bfcccce41b4cbbabb1db6860) Importer(815301076,1909f56bfc062723c751e8b465ee728b)
Start importing Assets/Terrain.asset using Guid(154597c3bfcccce41b4cbbabb1db6860) Importer(815301076,1909f56bfc062723c751e8b465ee728b)  -> (artifact id: 'e96def85413868782a61f4d49f1c8457') in 0.009786 seconds 
========================================================================
Received Import Request.
  Time since last request: 35.736736 seconds.
  path: Assets/Third Party/TextMesh Pro/Fonts
  artifactKey: Guid(6ab70aee4d56447429c680537fbf93ed) Importer(815301076,1909f56bfc062723c751e8b465ee728b)
Start importing Assets/Third Party/TextMesh Pro/Fonts using Guid(6ab70aee4d56447429c680537fbf93ed) Importer(815301076,1909f56bfc062723c751e8b465ee728b)  -> (artifact id: '7c35bbd85dc86dd2ef332d439fd9c360') in 0.006140 seconds 
========================================================================
Received Import Request.
  Time since last request: 4.561869 seconds.
  path: Assets/Third Party/Low Poly ATM/Prefabs
  artifactKey: Guid(c38ae53197b607e4f9c0c5eede35dc9a) Importer(815301076,1909f56bfc062723c751e8b465ee728b)
Start importing Assets/Third Party/Low Poly ATM/Prefabs using Guid(c38ae53197b607e4f9c0c5eede35dc9a) Importer(815301076,1909f56bfc062723c751e8b465ee728b)  -> (artifact id: 'd8043af2eab9553643943258f544bc96') in 0.005493 seconds 
========================================================================
Received Import Request.
  Time since last request: 0.065866 seconds.
  path: Assets/Third Party/Low Poly ATM/Prefabs/Bill1.prefab
  artifactKey: Guid(ed9242738df04ca4bacf816d376c9029) Importer(815301076,1909f56bfc062723c751e8b465ee728b)
Start importing Assets/Third Party/Low Poly ATM/Prefabs/Bill1.prefab using Guid(ed9242738df04ca4bacf816d376c9029) Importer(815301076,1909f56bfc062723c751e8b465ee728b)  -> (artifact id: 'c052f8b909743f05fcb075fd364222d7') in 0.054678 seconds 
========================================================================
Received Import Request.
  Time since last request: 0.000020 seconds.
  path: Assets/Third Party/Low Poly ATM/Prefabs/CreditCard.prefab
  artifactKey: Guid(9736d6c125a1f8547a3dc86ddcf8feaa) Importer(815301076,1909f56bfc062723c751e8b465ee728b)
Start importing Assets/Third Party/Low Poly ATM/Prefabs/CreditCard.prefab using Guid(9736d6c125a1f8547a3dc86ddcf8feaa) Importer(815301076,1909f56bfc062723c751e8b465ee728b)  -> (artifact id: 'f231e90e706f816879e8c9acf7535129') in 0.012133 seconds 
========================================================================
Received Import Request.
  Time since last request: 0.000020 seconds.
  path: Assets/Third Party/Low Poly ATM/Prefabs/HC1.prefab
  artifactKey: Guid(1fa1df7a5c5c9e44cbe353cb895f69ad) Importer(815301076,1909f56bfc062723c751e8b465ee728b)
Start importing Assets/Third Party/Low Poly ATM/Prefabs/HC1.prefab using Guid(1fa1df7a5c5c9e44cbe353cb895f69ad) Importer(815301076,1909f56bfc062723c751e8b465ee728b)  -> (artifact id: 'e9c8e4e7ad4af35ae45840a18af2fb2b') in 0.014912 seconds 
========================================================================
Received Import Request.
  Time since last request: 0.000025 seconds.
  path: Assets/Third Party/Low Poly ATM/Prefabs/Joosan ATM.prefab
  artifactKey: Guid(f3f0b4f2ff1395e49b5030a84572002e) Importer(815301076,1909f56bfc062723c751e8b465ee728b)
Start importing Assets/Third Party/Low Poly ATM/Prefabs/Joosan ATM.prefab using Guid(f3f0b4f2ff1395e49b5030a84572002e) Importer(815301076,1909f56bfc062723c751e8b465ee728b)  -> (artifact id: '25e656948bc5ba1051809abb6e266139') in 0.015730 seconds 
========================================================================
Received Import Request.
  Time since last request: 0.000024 seconds.
  path: Assets/Third Party/Low Poly ATM/Prefabs/Haluk ATM.prefab
  artifactKey: Guid(f7b2313a7ea7d3c468c920137406f346) Importer(815301076,1909f56bfc062723c751e8b465ee728b)
Start importing Assets/Third Party/Low Poly ATM/Prefabs/Haluk ATM.prefab using Guid(f7b2313a7ea7d3c468c920137406f346) Importer(815301076,1909f56bfc062723c751e8b465ee728b)  -> (artifact id: 'f20cd2ace99a953403cab2437d5bc5f0') in 0.012246 seconds 
========================================================================
Received Import Request.
  Time since last request: 0.000024 seconds.
  path: Assets/Third Party/Low Poly ATM/Prefabs/HC2.prefab
  artifactKey: Guid(e7b94f9907861444785b8e8e43ec0a49) Importer(815301076,1909f56bfc062723c751e8b465ee728b)
Start importing Assets/Third Party/Low Poly ATM/Prefabs/HC2.prefab using Guid(e7b94f9907861444785b8e8e43ec0a49) Importer(815301076,1909f56bfc062723c751e8b465ee728b)  -> (artifact id: '59ddc7aaf83b4ae3a6cabddf720e99b8') in 0.012700 seconds 
========================================================================
Received Import Request.
  Time since last request: 0.000025 seconds.
  path: Assets/Third Party/Low Poly ATM/Prefabs/Kaspiy ATM.prefab
  artifactKey: Guid(dc90d554ef4c11844b2ac15acc133098) Importer(815301076,1909f56bfc062723c751e8b465ee728b)
Start importing Assets/Third Party/Low Poly ATM/Prefabs/Kaspiy ATM.prefab using Guid(dc90d554ef4c11844b2ac15acc133098) Importer(815301076,1909f56bfc062723c751e8b465ee728b)  -> (artifact id: '8a3ffbd056b772e92cb3be18b97a8527') in 0.015180 seconds 
Editor requested this worker to shutdown with reason: Scaling down because of idle timeout
AssetImportWorker is now disconnected from the server
Process exiting
Exiting without the bug reporter. Application will terminate with return code 0